<?xml version="1.0" encoding="UTF-8"?>
<!-- Generated by org.testng.reporters.JUnitXMLReporter -->
<testsuite ignored="0" hostname="BGWIN10" failures="0" tests="4" name="Sign-in Page" time="34.832" errors="0" timestamp="2022-04-08T18:50:54 PDT">
  <testcase classname="TestNGRedmine.SigninPage" name="wrongusername" time="2.902"/>
  <testcase classname="TestNGRedmine.SigninPage" name="wrongpassword" time="1.477"/>
  <testcase classname="TestNGRedmine.SigninPage" name="lostpassword" time="9.212"/>
  <testcase classname="TestNGRedmine.SigninPage" name="logincorrectdata" time="9.035"/>
</testsuite> <!-- Sign-in Page -->
