<?xml version="1.0" encoding="UTF-8"?>
<testng-results ignored="0" total="1" passed="1" failed="0" skipped="0">
  <reporter-output>
  </reporter-output>
  <suite started-at="2022-04-15T12:07:13 PDT" name="Redminesite" finished-at="2022-04-15T12:07:21 PDT" duration-ms="8291">
    <groups>
    </groups>
    <test started-at="2022-04-15T12:07:13 PDT" name="Test" finished-at="2022-04-15T12:07:21 PDT" duration-ms="8291">
      <class name="TestNGRedmine.SigninPage">
        <test-method is-config="true" signature="chromesite(java.lang.String)[pri:0, instance:TestNGRedmine.SigninPage@d86a6f]" started-at="2022-04-15T12:07:13 PDT" name="chromesite" finished-at="2022-04-15T12:07:18 PDT" duration-ms="5343" status="PASS">
          <params>
            <param index="0">
              <value>
                <![CDATA[http://demo.redmine.org/]]>
              </value>
            </param>
          </params>
          <reporter-output>
          </reporter-output>
        </test-method> <!-- chromesite -->
        <test-method signature="wrongusername()[pri:1, instance:TestNGRedmine.SigninPage@d86a6f]" started-at="2022-04-15T12:07:18 PDT" name="wrongusername" finished-at="2022-04-15T12:07:21 PDT" duration-ms="2865" status="PASS">
          <reporter-output>
          </reporter-output>
        </test-method> <!-- wrongusername -->
        <test-method is-config="true" signature="appclose()[pri:0, instance:TestNGRedmine.SigninPage@d86a6f]" started-at="2022-04-15T12:07:21 PDT" name="appclose" finished-at="2022-04-15T12:07:21 PDT" duration-ms="46" status="PASS">
          <reporter-output>
          </reporter-output>
        </test-method> <!-- appclose -->
      </class> <!-- TestNGRedmine.SigninPage -->
    </test> <!-- Test -->
  </suite> <!-- Redminesite -->
</testng-results>
